<?xml version="1.0" encoding="UTF-8"?>
<testsuite xmlns:xsi="http://www.w3.org/2001/XMLSchema-instance" xsi:noNamespaceSchemaLocation="https://maven.apache.org/surefire/maven-surefire-plugin/xsd/surefire-test-report-3.0.xsd" version="3.0" name="com.banquito.switchpagos.routing.SwitchRoutingServiceApplicationTests" time="5.47" tests="1" errors="0" skipped="0" failures="0">
  <properties>
[...]
</properties>
  <testcase name="contextLoads" classname="com.banquito.switchpagos.routing.SwitchRoutingServiceApplicationTests" time="1.685">
    <system-out><![CDATA[18:57:18.668 [main] INFO org.springframework.test.context.support.AnnotationConfigContextLoaderUtils -- Could not detect default configuration classes for test class [com.banquito.switchpagos.routing.SwitchRoutingServiceApplicationTests]: SwitchRoutingServiceApplicationTests does not declare any static, non-private, non-final, nested classes annotated with @Configuration.
18:57:18.925 [main] INFO org.springframework.boot.test.context.SpringBootTestContextBootstrapper -- Found @SpringBootConfiguration com.banquito.switchpagos.routing.SwitchRoutingServiceApplication for test class com.banquito.switchpagos.routing.SwitchRoutingServiceApplicationTests

  .   ____          _            __ _ _
 /\\ / ___'_ __ _ _(_)_ __  __ _ \ \ \ \
( ( )\___ | '_ | '_| | '_ \/ _` | \ \ \ \
 \\/  ___)| |_)| | | | | || (_| |  ) ) ) )
  '  |____| .__|_| |_|_| |_\__, | / / / /
 =========|_|==============|___/=/_/_/_/
 :: Spring Boot ::                (v3.2.4)

2026-06-01T18:57:19.745-05:00  INFO 19664 --- [banquito-switch-routing-service] [           main] s.r.SwitchRoutingServiceApplicationTests : Starting SwitchRoutingServiceApplicationTests using Java 21.0.10 with PID 19664 (started by Andresl in C:\Users\Andresl\Documents\GitHub\Arqui_Proyecto_P2\Core\banquito-sw-enrutamiento)
2026-06-01T18:57:19.748-05:00  INFO 19664 --- [banquito-switch-routing-service] [           main] s.r.SwitchRoutingServiceApplicationTests : No active profile set, falling back to 1 default profile: "default"
2026-06-01T18:57:21.995-05:00  INFO 19664 --- [banquito-switch-routing-service] [           main] s.r.SwitchRoutingServiceApplicationTests : Started SwitchRoutingServiceApplicationTests in 2.757 seconds (process running for 4.606)
]]></system-out>
    <system-err><![CDATA[WARNING: A Java agent has been loaded dynamically (C:\Users\Andresl\.m2\repository\net\bytebuddy\byte-buddy-agent\1.14.12\byte-buddy-agent-1.14.12.jar)
WARNING: If a serviceability tool is in use, please run with -XX:+EnableDynamicAgentLoading to hide this warning
WARNING: If a serviceability tool is not in use, please run with -Djdk.instrument.traceUsage for more information
WARNING: Dynamic loading of agents will be disallowed by default in a future release
]]></system-err>
  </testcase>
</testsuite>